<?xml version="1.0" encoding="UTF-8"?>
<!-- Generated by org.testng.reporters.JUnitXMLReporter -->
<testsuite ignored="8" hostname="MaheshPC" failures="0" tests="2" name="TestForURL" time="124.665" errors="0" timestamp="2023-01-31T23:43:59 IST">
  <testcase classname="testForPolicy.PolicyBazar" name="@BeforeMethod LounchApplication" time="76.189">
    <failure type="org.openqa.selenium.NoSuchElementException" message="no such element: Unable to locate element: {&amp;quot;method&amp;quot;:&amp;quot;xpath&amp;quot;,&amp;quot;selector&amp;quot;:&amp;quot;//p[text()=&amp;apos;Health&amp;apos;]&amp;quot;}
  (Session info: chrome=109.0.5414.120)
For documentation on this error, please visit: https://www.seleniumhq.org/exceptions/no_such_element.html
Build info: version: &amp;apos;3.141.59&amp;apos;, revision: &amp;apos;e82be7d358&amp;apos;, time: &amp;apos;2018-11-14T08:17:03&amp;apos;
System info: host: &amp;apos;MAHESHPC&amp;apos;, ip: &amp;apos;192.168.1.10&amp;apos;, os.name: &amp;apos;Windows 10&amp;apos;, os.arch: &amp;apos;amd64&amp;apos;, os.version: &amp;apos;10.0&amp;apos;, java.version: &amp;apos;18.0.2.1&amp;apos;
Driver info: org.openqa.selenium.chrome.ChromeDriver
Capabilities {acceptInsecureCerts: false, browserName: chrome, browserVersion: 109.0.5414.120, chrome: {chromedriverVersion: 108.0.5359.71 (1e0e3868ee06..., userDataDir: C:\Users\Megha\AppData\Loca...}, goog:chromeOptions: {debuggerAddress: localhost:54226}, javascriptEnabled: true, networkConnectionEnabled: false, pageLoadStrategy: normal, platform: WINDOWS, platformName: WINDOWS, proxy: Proxy(), setWindowRect: true, strictFileInteractability: false, timeouts: {implicit: 0, pageLoad: 300000, script: 30000}, unhandledPromptBehavior: dismiss and notify, webauthn:extension:credBlob: true, webauthn:extension:largeBlob: true, webauthn:virtualAuthenticators: true}
Session ID: cdd75a93f33223a1857a5394d3469107
*** Element info: {Using=xpath, value=//p[text()=&amp;apos;Health&amp;apos;]}">
      <![CDATA[org.openqa.selenium.NoSuchElementException: no such element: Unable to locate element: {"method":"xpath","selector":"//p[text()='Health']"}
  (Session info: chrome=109.0.5414.120)
For documentation on this error, please visit: https://www.seleniumhq.org/exceptions/no_such_element.html
Build info: version: '3.141.59', revision: 'e82be7d358', time: '2018-11-14T08:17:03'
System info: host: 'MAHESHPC', ip: '192.168.1.10', os.name: 'Windows 10', os.arch: 'amd64', os.version: '10.0', java.version: '18.0.2.1'
Driver info: org.openqa.selenium.chrome.ChromeDriver
Capabilities {acceptInsecureCerts: false, browserName: chrome, browserVersion: 109.0.5414.120, chrome: {chromedriverVersion: 108.0.5359.71 (1e0e3868ee06..., userDataDir: C:\Users\Megha\AppData\Loca...}, goog:chromeOptions: {debuggerAddress: localhost:54226}, javascriptEnabled: true, networkConnectionEnabled: false, pageLoadStrategy: normal, platform: WINDOWS, platformName: WINDOWS, proxy: Proxy(), setWindowRect: true, strictFileInteractability: false, timeouts: {implicit: 0, pageLoad: 300000, script: 30000}, unhandledPromptBehavior: dismiss and notify, webauthn:extension:credBlob: true, webauthn:extension:largeBlob: true, webauthn:virtualAuthenticators: true}
Session ID: cdd75a93f33223a1857a5394d3469107
*** Element info: {Using=xpath, value=//p[text()='Health']}
at org.openqa.selenium.remote.http.W3CHttpResponseCodec.createException(W3CHttpResponseCodec.java:187)
at org.openqa.selenium.remote.http.W3CHttpResponseCodec.decode(W3CHttpResponseCodec.java:122)
at org.openqa.selenium.remote.http.W3CHttpResponseCodec.decode(W3CHttpResponseCodec.java:49)
at org.openqa.selenium.remote.HttpCommandExecutor.execute(HttpCommandExecutor.java:158)
at org.openqa.selenium.remote.service.DriverCommandExecutor.execute(DriverCommandExecutor.java:83)
at org.openqa.selenium.remote.RemoteWebDriver.execute(RemoteWebDriver.java:552)
at org.openqa.selenium.remote.RemoteWebDriver.findElement(RemoteWebDriver.java:323)
at org.openqa.selenium.remote.RemoteWebDriver.findElementByXPath(RemoteWebDriver.java:428)
at org.openqa.selenium.By$ByXPath.findElement(By.java:353)
at org.openqa.selenium.remote.RemoteWebDriver.findElement(RemoteWebDriver.java:315)
at org.openqa.selenium.support.pagefactory.DefaultElementLocator.findElement(DefaultElementLocator.java:69)
at org.openqa.selenium.support.pagefactory.internal.LocatingElementHandler.invoke(LocatingElementHandler.java:38)
at jdk.proxy2/jdk.proxy2.$Proxy14.click(Unknown Source)
at policyBazarApp3.HealthInsurance.health1(HealthInsurance.java:38)
at testForPolicy.PolicyBazar.LounchApplication(PolicyBazar.java:65)
at java.base/java.util.ArrayList.forEach(ArrayList.java:1511)
... Removed 32 stack frames]]>
    </failure>
  </testcase> <!-- @BeforeMethod LounchApplication -->
  <testcase classname="testForPolicy.PolicyBazar" name="@AfterMethod CloseTab" time="-1.675188792947E9">
    <skipped/>
  </testcase> <!-- @AfterMethod CloseTab -->
  <testcase classname="testForPolicy.PolicyBazar" name="@AfterClass QuitTab" time="-1.67518879295E9">
    <skipped/>
  </testcase> <!-- @AfterClass QuitTab -->
  <testcase classname="testForPolicy.PolicyBazar" name="verifyView" time="0.0">
    <skipped/>
  </testcase> <!-- verifyView -->
  <testcase classname="testForPolicy.TestNgHealthInsure" name="CityInfo" time="3.018"/>
  <testcase classname="testForPolicy.PolicyBazar" name="CityInfo" time="0.0">
    <ignored/>
  </testcase> <!-- CityInfo -->
  <testcase classname="testForPolicy.TestNgHealthInsure" name="ConfirmationDetails" time="0.0">
    <ignored/>
  </testcase> <!-- ConfirmationDetails -->
  <testcase classname="testForPolicy.TestNgHealthInsure" name="HealthInsurPage" time="0.0">
    <ignored/>
  </testcase> <!-- HealthInsurPage -->
  <testcase classname="testForPolicy.PolicyBazar" name="ConfirmationDetails" time="0.0">
    <ignored/>
  </testcase> <!-- ConfirmationDetails -->
  <testcase classname="testForPolicy.TestNgHealthInsure" name="ClickOnHealthInsurance" time="0.0">
    <ignored/>
  </testcase> <!-- ClickOnHealthInsurance -->
  <testcase classname="testForPolicy.TestNgHealthInsure" name="DetailedSelfInfo" time="0.0">
    <ignored/>
  </testcase> <!-- DetailedSelfInfo -->
  <testcase classname="testForPolicy.PolicyBazar" name="DetailedSelfInfo" time="0.0">
    <ignored/>
  </testcase> <!-- DetailedSelfInfo -->
  <testcase classname="testForPolicy.PolicyBazar" name="ClickOnHealthInsurance" time="0.0">
    <ignored/>
  </testcase> <!-- ClickOnHealthInsurance -->
</testsuite> <!-- TestForURL -->
