<?xml version="1.0" encoding="UTF-8"?>
<!-- Generated by org.testng.reporters.JUnitXMLReporter -->
<testsuite ignored="0" hostname="MaheshPC" failures="0" tests="5" name="Firefox" time="24.984" errors="0" timestamp="2023-02-07T15:39:51 IST">
  <testcase classname="testNG.TestNgTestClass" name="@BeforeMethod openSignUp" time="6.098">
    <failure type="org.openqa.selenium.NoSuchWindowException" message="Browsing context has been discarded
Build info: version: &amp;apos;3.141.59&amp;apos;, revision: &amp;apos;e82be7d358&amp;apos;, time: &amp;apos;2018-11-14T08:17:03&amp;apos;
System info: host: &amp;apos;MAHESHPC&amp;apos;, ip: &amp;apos;192.168.1.10&amp;apos;, os.name: &amp;apos;Windows 10&amp;apos;, os.arch: &amp;apos;amd64&amp;apos;, os.version: &amp;apos;10.0&amp;apos;, java.version: &amp;apos;18.0.2.1&amp;apos;
Driver info: org.openqa.selenium.firefox.FirefoxDriver
Capabilities {acceptInsecureCerts: true, browserName: firefox, browserVersion: 109.0.1, javascriptEnabled: true, moz:accessibilityChecks: false, moz:buildID: 20230127170202, moz:geckodriverVersion: 0.32.1, moz:headless: false, moz:platformVersion: 10.0, moz:processID: 3024, moz:profile: C:\Users\Megha\AppData\Loca..., moz:shutdownTimeout: 60000, moz:useNonSpecCompliantPointerOrigin: false, moz:webdriverClick: true, moz:windowless: false, pageLoadStrategy: normal, platform: WINDOWS, platformName: WINDOWS, proxy: Proxy(), setWindowRect: true, strictFileInteractability: false, timeouts: {implicit: 0, pageLoad: 300000, script: 30000}, unhandledPromptBehavior: dismiss and notify}
Session ID: 9b7e6308-b5e1-4ae1-bcce-2cbc92ddb8a0
*** Element info: {Using=xpath, value=//a[text()=&amp;apos;Create new account&amp;apos;]}">
      <![CDATA[org.openqa.selenium.NoSuchWindowException: Browsing context has been discarded
Build info: version: '3.141.59', revision: 'e82be7d358', time: '2018-11-14T08:17:03'
System info: host: 'MAHESHPC', ip: '192.168.1.10', os.name: 'Windows 10', os.arch: 'amd64', os.version: '10.0', java.version: '18.0.2.1'
Driver info: org.openqa.selenium.firefox.FirefoxDriver
Capabilities {acceptInsecureCerts: true, browserName: firefox, browserVersion: 109.0.1, javascriptEnabled: true, moz:accessibilityChecks: false, moz:buildID: 20230127170202, moz:geckodriverVersion: 0.32.1, moz:headless: false, moz:platformVersion: 10.0, moz:processID: 3024, moz:profile: C:\Users\Megha\AppData\Loca..., moz:shutdownTimeout: 60000, moz:useNonSpecCompliantPointerOrigin: false, moz:webdriverClick: true, moz:windowless: false, pageLoadStrategy: normal, platform: WINDOWS, platformName: WINDOWS, proxy: Proxy(), setWindowRect: true, strictFileInteractability: false, timeouts: {implicit: 0, pageLoad: 300000, script: 30000}, unhandledPromptBehavior: dismiss and notify}
Session ID: 9b7e6308-b5e1-4ae1-bcce-2cbc92ddb8a0
*** Element info: {Using=xpath, value=//a[text()='Create new account']}
at org.openqa.selenium.remote.http.W3CHttpResponseCodec.createException(W3CHttpResponseCodec.java:187)
at org.openqa.selenium.remote.http.W3CHttpResponseCodec.decode(W3CHttpResponseCodec.java:122)
at org.openqa.selenium.remote.http.W3CHttpResponseCodec.decode(W3CHttpResponseCodec.java:49)
at org.openqa.selenium.remote.HttpCommandExecutor.execute(HttpCommandExecutor.java:158)
at org.openqa.selenium.remote.service.DriverCommandExecutor.execute(DriverCommandExecutor.java:83)
at org.openqa.selenium.remote.RemoteWebDriver.execute(RemoteWebDriver.java:552)
at org.openqa.selenium.remote.RemoteWebDriver.findElement(RemoteWebDriver.java:323)
at org.openqa.selenium.remote.RemoteWebDriver.findElementByXPath(RemoteWebDriver.java:428)
at org.openqa.selenium.By$ByXPath.findElement(By.java:353)
at org.openqa.selenium.remote.RemoteWebDriver.findElement(RemoteWebDriver.java:315)
at org.openqa.selenium.support.pagefactory.DefaultElementLocator.findElement(DefaultElementLocator.java:69)
at org.openqa.selenium.support.pagefactory.internal.LocatingElementHandler.invoke(LocatingElementHandler.java:38)
at jdk.proxy2/jdk.proxy2.$Proxy15.click(Unknown Source)
at pomClasses.LoginOrSignUpPage.clickCreatenewacc(LoginOrSignUpPage.java:51)
at testNG.TestNgTestClass.openSignUp(TestNgTestClass.java:57)
at java.base/java.util.concurrent.ThreadPoolExecutor.runWorker(ThreadPoolExecutor.java:1136)
at java.base/java.util.concurrent.ThreadPoolExecutor$Worker.run(ThreadPoolExecutor.java:635)
at java.base/java.lang.Thread.run(Thread.java:833)
... Removed 17 stack frames]]>
    </failure>
  </testcase> <!-- @BeforeMethod openSignUp -->
  <testcase classname="testNG.TestNgTestClass" name="@AfterMethod closeCurrentTab" time="-1.67576457841E9">
    <skipped/>
  </testcase> <!-- @AfterMethod closeCurrentTab -->
  <testcase classname="testNG.TestNgTestClass" name="@BeforeMethod openSignUp" time="-1.675764578411E9">
    <skipped/>
  </testcase> <!-- @BeforeMethod openSignUp -->
  <testcase classname="testNG.TestNgTestClass" name="@AfterMethod closeCurrentTab" time="-1.675764578417E9">
    <skipped/>
  </testcase> <!-- @AfterMethod closeCurrentTab -->
  <testcase classname="testNG.TestNgTestClass" name="@BeforeMethod openSignUp" time="-1.675764578422E9">
    <skipped/>
  </testcase> <!-- @BeforeMethod openSignUp -->
  <testcase classname="testNG.TestNgTestClass" name="@AfterMethod closeCurrentTab" time="-1.675764578429E9">
    <skipped/>
  </testcase> <!-- @AfterMethod closeCurrentTab -->
  <testcase classname="testNG.TestNgTestClass" name="@AfterClass closeAllTab" time="-1.67576457843E9">
    <skipped/>
  </testcase> <!-- @AfterClass closeAllTab -->
  <testcase classname="testNG.TestNgTestClass" name="cookiesPolcy" time="0.0">
    <skipped/>
  </testcase> <!-- cookiesPolcy -->
  <testcase classname="testNG.TestNgTestClass" name="privacyPolicy" time="0.0">
    <skipped/>
  </testcase> <!-- privacyPolicy -->
  <testcase classname="testNG.TestNgTestClass" name="signupPage" time="0.0">
    <skipped/>
  </testcase> <!-- signupPage -->
  <testcase classname="testNG.TestNgAutomation" name="privacyPolicy" time="0.823"/>
  <testcase classname="testNG.TestNgAutomation" name="signupPage1" time="0.825"/>
</testsuite> <!-- Firefox -->
